2022-04-06 17:56:15,853 [ERROR] run_translator | /home/phm/GoogleDrive/Personal/Datasets/my-dataset/thermal-segmentor/Pipe_Inspection/pipe_inspection_group01_20201117/label_orig is not a valid directory!
Traceback (most recent call last):
  File "/home/phm/Development/gimp-labeling-converter/phm/gimp.py", line 27, in wrapper
    return func(*args, **kwargs)
  File "/home/phm/Development/gimp-labeling-converter/phm/gimp.py", line 101, in run_translator
    files = __list_files(dir_path)
  File "/home/phm/Development/gimp-labeling-converter/phm/gimp.py", line 97, in __list_files
    raise phmError(message=f'{dir} is not a valid directory!')
phm.gimp.phmError
2022-04-06 17:56:56,967 [ERROR] run_translator | /home/phm/GoogleDrive/Personal/Datasets/my-dataset/thermal-segmentor/Pipe_Inspection/pipe_inspection_group01_20201117/label_orig is not a valid directory!
Traceback (most recent call last):
  File "/home/phm/Development/gimp-labeling-converter/phm/gimp.py", line 27, in wrapper
    return func(*args, **kwargs)
  File "/home/phm/Development/gimp-labeling-converter/phm/gimp.py", line 101, in run_translator
    files = __list_files(dir_path)
  File "/home/phm/Development/gimp-labeling-converter/phm/gimp.py", line 97, in __list_files
    raise phmError(message=f'{dir_path} is not a valid directory!')
phm.gimp.phmError
2022-04-06 17:57:54,026 [ERROR] run_translator | /home/phm/GoogleDrive/Personal/Datasets/my-dataset/thermal-segmentor/Pipe_Inspection/pipe_inspection_group01_20201117/label_orig is not a valid directory!
Traceback (most recent call last):
  File "/home/phm/Development/gimp-labeling-converter/phm/gimp.py", line 27, in wrapper
    return func(*args, **kwargs)
  File "/home/phm/Development/gimp-labeling-converter/phm/gimp.py", line 101, in run_translator
    files = __list_files(dir_path)
  File "/home/phm/Development/gimp-labeling-converter/phm/gimp.py", line 97, in __list_files
    raise phmError(message=f'{dir_path} is not a valid directory!')
phm.gimp.phmError
2022-04-06 17:58:26,007 [ERROR] run_translator | /home/phm/GoogleDrive/Personal/Datasets/my-dataset/thermal-segmentor/Pipe_Inspection/pipe_inspection_group01_20201117/label_orig is not a valid directory!
Traceback (most recent call last):
  File "/home/phm/Development/gimp-labeling-converter/phm/gimp.py", line 27, in wrapper
    return func(*args, **kwargs)
  File "/home/phm/Development/gimp-labeling-converter/phm/gimp.py", line 101, in run_translator
    files = __list_files(dir_path)
  File "/home/phm/Development/gimp-labeling-converter/phm/gimp.py", line 97, in __list_files
    raise phmError(message=f'{dir_path} is not a valid directory!')
phm.gimp.phmError
2022-04-06 18:00:52,745 [INFO] coco handler is started ...
2022-04-06 18:00:57,930 [INFO] Running MS COCO handler in parallel mode ...
2022-04-06 18:00:58,238 [INFO] Initialize the worker pool ...
2022-04-06 18:00:58,285 [INFO] Mapping the jobs to the workers ...
2022-04-06 18:00:59,013 [INFO] Processing (Layers [3]) /home/phm/GoogleDrive/Personal/Datasets/my-dataset/thermal-segmentor/Pipe_Inspection/pipe_inspection_group01_20201117/label_orig/data_IR_21230.xcf
2022-04-06 18:00:59,014 [INFO] Processing data_IR_21230.xcf ...
2022-04-06 18:00:59,070 [INFO] Processing (Layers [3]) /home/phm/GoogleDrive/Personal/Datasets/my-dataset/thermal-segmentor/Pipe_Inspection/pipe_inspection_group01_20201117/label_orig/data_IR_21776.xcf
2022-04-06 18:00:59,070 [INFO] Processing data_IR_21776.xcf ...
2022-04-06 18:00:59,082 [INFO] Processing (Layers [3]) /home/phm/GoogleDrive/Personal/Datasets/my-dataset/thermal-segmentor/Pipe_Inspection/pipe_inspection_group01_20201117/label_orig/data_IR_21428.xcf
2022-04-06 18:00:59,083 [INFO] Processing data_IR_21428.xcf ...
2022-04-06 18:00:59,089 [INFO] Processing (Layers [2]) /home/phm/GoogleDrive/Personal/Datasets/my-dataset/thermal-segmentor/Pipe_Inspection/pipe_inspection_group01_20201117/label_orig/IR_21434.xcf
2022-04-06 18:00:59,090 [INFO] Processing IR_21434.xcf ...
2022-04-06 18:00:59,115 [INFO] Processing (Layers [3]) /home/phm/GoogleDrive/Personal/Datasets/my-dataset/thermal-segmentor/Pipe_Inspection/pipe_inspection_group01_20201117/label_orig/data_IR_21352.xcf
2022-04-06 18:00:59,116 [INFO] Processing data_IR_21352.xcf ...
2022-04-06 18:00:59,125 [INFO] Processing (Layers [3]) /home/phm/GoogleDrive/Personal/Datasets/my-dataset/thermal-segmentor/Pipe_Inspection/pipe_inspection_group01_20201117/label_orig/data_IR_21596.xcf
2022-04-06 18:00:59,126 [INFO] Processing data_IR_21596.xcf ...
2022-04-06 18:00:59,220 [INFO] Processing (Layers [3]) /home/phm/GoogleDrive/Personal/Datasets/my-dataset/thermal-segmentor/Pipe_Inspection/pipe_inspection_group01_20201117/label_orig/IR_21212.xcf
2022-04-06 18:00:59,221 [INFO] Processing IR_21212.xcf ...
2022-04-06 18:00:59,296 [INFO] Processing (Layers [3]) /home/phm/GoogleDrive/Personal/Datasets/my-dataset/thermal-segmentor/Pipe_Inspection/pipe_inspection_group01_20201117/label_orig/data_IR_21222.xcf
2022-04-06 18:00:59,297 [INFO] Processing data_IR_21222.xcf ...
2022-04-06 18:00:59,525 [INFO] Processing (Layers [3]) /home/phm/GoogleDrive/Personal/Datasets/my-dataset/thermal-segmentor/Pipe_Inspection/pipe_inspection_group01_20201117/label_orig/IR_21290.xcf
2022-04-06 18:00:59,526 [INFO] Processing IR_21290.xcf ...
2022-04-06 18:01:01,753 [INFO] coco handler is completed!
2022-04-06 18:01:26,894 [INFO] mask handler is started ...
2022-04-06 18:01:26,895 [INFO] Initialize the worker pool ...
2022-04-06 18:01:26,908 [INFO] Mapping the jobs to the workers ...
2022-04-06 18:02:04,934 [INFO] mask handler is started ...
2022-04-06 18:02:48,597 [INFO] Initialize the worker pool ...
2022-04-06 18:02:48,616 [INFO] Mapping the jobs to the workers ...
2022-04-06 18:03:25,326 [INFO] mask handler is started ...
2022-04-06 18:03:32,947 [INFO] Initialize the worker pool ...
2022-04-06 18:03:40,393 [INFO] Mapping the jobs to the workers ...
2022-04-06 18:10:00,303 [INFO] mask handler is started ...
2022-04-06 18:10:08,542 [INFO] Initialize the worker pool ...
2022-04-06 18:10:08,581 [INFO] Mapping the jobs to the workers ...
2022-04-06 18:12:33,439 [INFO] mask handler is started ...
2022-04-06 18:12:33,440 [INFO] Initialize the worker pool ...
2022-04-06 18:12:33,462 [INFO] Mapping the jobs to the workers ...
2022-04-06 18:12:33,670 [INFO] Processing (Layers [3]) /home/phm/GoogleDrive/Personal/Datasets/my-dataset/thermal-segmentor/Pipe_Inspection/pipe_inspection_group01_20201117/label_orig/data_IR_21222.xcf
2022-04-06 18:12:33,671 [INFO] Processing data_IR_21222.xcf ...
2022-04-06 18:12:34,002 [INFO] Processing (Layers [3]) /home/phm/GoogleDrive/Personal/Datasets/my-dataset/thermal-segmentor/Pipe_Inspection/pipe_inspection_group01_20201117/label_orig/data_IR_21596.xcf
2022-04-06 18:12:34,002 [INFO] Processing data_IR_21596.xcf ...
2022-04-06 18:12:34,343 [INFO] Processing (Layers [3]) /home/phm/GoogleDrive/Personal/Datasets/my-dataset/thermal-segmentor/Pipe_Inspection/pipe_inspection_group01_20201117/label_orig/data_IR_21776.xcf
2022-04-06 18:12:34,343 [INFO] Processing data_IR_21776.xcf ...
2022-04-06 18:12:34,568 [INFO] Processing (Layers [3]) /home/phm/GoogleDrive/Personal/Datasets/my-dataset/thermal-segmentor/Pipe_Inspection/pipe_inspection_group01_20201117/label_orig/IR_21290.xcf
2022-04-06 18:12:34,568 [INFO] Processing IR_21290.xcf ...
2022-04-06 18:12:34,853 [INFO] Processing (Layers [3]) /home/phm/GoogleDrive/Personal/Datasets/my-dataset/thermal-segmentor/Pipe_Inspection/pipe_inspection_group01_20201117/label_orig/IR_21212.xcf
2022-04-06 18:12:34,853 [INFO] Processing IR_21212.xcf ...
2022-04-06 18:12:35,099 [INFO] Processing (Layers [3]) /home/phm/GoogleDrive/Personal/Datasets/my-dataset/thermal-segmentor/Pipe_Inspection/pipe_inspection_group01_20201117/label_orig/data_IR_21230.xcf
2022-04-06 18:12:35,099 [INFO] Processing data_IR_21230.xcf ...
2022-04-06 18:12:35,376 [INFO] Processing (Layers [3]) /home/phm/GoogleDrive/Personal/Datasets/my-dataset/thermal-segmentor/Pipe_Inspection/pipe_inspection_group01_20201117/label_orig/data_IR_21352.xcf
2022-04-06 18:12:35,376 [INFO] Processing data_IR_21352.xcf ...
2022-04-06 18:12:35,594 [INFO] Processing (Layers [2]) /home/phm/GoogleDrive/Personal/Datasets/my-dataset/thermal-segmentor/Pipe_Inspection/pipe_inspection_group01_20201117/label_orig/IR_21434.xcf
2022-04-06 18:12:35,594 [INFO] Processing IR_21434.xcf ...
2022-04-06 18:12:35,783 [INFO] Processing (Layers [3]) /home/phm/GoogleDrive/Personal/Datasets/my-dataset/thermal-segmentor/Pipe_Inspection/pipe_inspection_group01_20201117/label_orig/data_IR_21428.xcf
2022-04-06 18:12:35,783 [INFO] Processing data_IR_21428.xcf ...
2022-04-06 18:12:36,611 [INFO] mask handler is completed!
